c:\users\goope\source\repos\gury3d\supergurymfc\release\supergurymfc.pch
c:\users\goope\source\repos\gury3d\supergurymfc\release\vc143.pdb
c:\users\goope\source\repos\gury3d\supergurymfc\release\pch.obj
c:\users\goope\source\repos\gury3d\supergurymfc\release\datamodel.obj
c:\users\goope\source\repos\gury3d\supergurymfc\release\crashreporter.obj
c:\users\goope\source\repos\gury3d\supergurymfc\release\controller.obj
c:\users\goope\source\repos\gury3d\supergurymfc\release\content.obj
c:\users\goope\source\repos\gury3d\supergurymfc\release\clonebin.obj
c:\users\goope\source\repos\gury3d\supergurymfc\release\classes.obj
c:\users\goope\source\repos\gury3d\supergurymfc\release\camera_utils.obj
c:\users\goope\source\repos\gury3d\supergurymfc\release\cameracontrolmenu.obj
c:\users\goope\source\repos\gury3d\supergurymfc\release\camera.obj
c:\users\goope\source\repos\gury3d\supergurymfc\release\brickcolor.obj
c:\users\goope\source\repos\gury3d\supergurymfc\release\backpackitem.obj
c:\users\goope\source\repos\gury3d\supergurymfc\release\backpack.obj
c:\users\goope\source\repos\gury3d\supergurymfc\release\appsteps.obj
c:\users\goope\source\repos\gury3d\supergurymfc\release\application.obj
c:\users\goope\source\repos\gury3d\supergurymfc\release\poll.obj
c:\users\goope\source\repos\gury3d\supergurymfc\release\serializer.obj
c:\users\goope\source\repos\gury3d\supergurymfc\release\physbody.obj
c:\users\goope\source\repos\gury3d\supergurymfc\release\md5.obj
c:\users\goope\source\repos\gury3d\supergurymfc\release\iobfix.obj
c:\users\goope\source\repos\gury3d\supergurymfc\release\commandbar.obj
c:\users\goope\source\repos\gury3d\supergurymfc\release\lighting.obj
c:\users\goope\source\repos\gury3d\supergurymfc\release\keyboard.obj
c:\users\goope\source\repos\gury3d\supergurymfc\release\jointservice.obj
c:\users\goope\source\repos\gury3d\supergurymfc\release\instancemt.obj
c:\users\goope\source\repos\gury3d\supergurymfc\release\instance.obj
c:\users\goope\source\repos\gury3d\supergurymfc\release\idserializer.obj
c:\users\goope\source\repos\gury3d\supergurymfc\release\humanoid.obj
c:\users\goope\source\repos\gury3d\supergurymfc\release\guiroot.obj
c:\users\goope\source\repos\gury3d\supergurymfc\release\guimessage.obj
c:\users\goope\source\repos\gury3d\supergurymfc\release\guilist.obj
c:\users\goope\source\repos\gury3d\supergurymfc\release\guilabel.obj
c:\users\goope\source\repos\gury3d\supergurymfc\release\guiimagebutton.obj
c:\users\goope\source\repos\gury3d\supergurymfc\release\guiimage.obj
c:\users\goope\source\repos\gury3d\supergurymfc\release\guihint.obj
c:\users\goope\source\repos\gury3d\supergurymfc\release\guid.obj
c:\users\goope\source\repos\gury3d\supergurymfc\release\guibutton.obj
c:\users\goope\source\repos\gury3d\supergurymfc\release\guibox.obj
c:\users\goope\source\repos\gury3d\supergurymfc\release\gametool.obj
c:\users\goope\source\repos\gury3d\supergurymfc\release\explngine.obj
c:\users\goope\source\repos\gury3d\supergurymfc\release\decal.obj
c:\users\goope\source\repos\gury3d\supergurymfc\release\scriptcontext.obj
c:\users\goope\source\repos\gury3d\supergurymfc\release\scene.obj
c:\users\goope\source\repos\gury3d\supergurymfc\release\runservice.obj
c:\users\goope\source\repos\gury3d\supergurymfc\release\rightkeyboard.obj
c:\users\goope\source\repos\gury3d\supergurymfc\release\replicator.obj
c:\users\goope\source\repos\gury3d\supergurymfc\release\ray.obj
c:\users\goope\source\repos\gury3d\supergurymfc\release\pvinstance.obj
c:\users\goope\source\repos\gury3d\supergurymfc\release\primitives.obj
c:\users\goope\source\repos\gury3d\supergurymfc\release\plr_controller.obj
c:\users\goope\source\repos\gury3d\supergurymfc\release\players.obj
c:\users\goope\source\repos\gury3d\supergurymfc\release\part.obj
c:\users\goope\source\repos\gury3d\supergurymfc\release\oscontext.obj
c:\users\goope\source\repos\gury3d\supergurymfc\release\networkclient.obj
c:\users\goope\source\repos\gury3d\supergurymfc\release\mouse.obj
c:\users\goope\source\repos\gury3d\supergurymfc\release\motor.obj
c:\users\goope\source\repos\gury3d\supergurymfc\release\model.obj
c:\users\goope\source\repos\gury3d\supergurymfc\release\mesh.obj
c:\users\goope\source\repos\gury3d\supergurymfc\release\menubar.obj
c:\users\goope\source\repos\gury3d\supergurymfc\release\luargs.obj
c:\users\goope\source\repos\gury3d\supergurymfc\release\log.obj
c:\users\goope\source\repos\gury3d\supergurymfc\release\supergurymfcview.obj
c:\users\goope\source\repos\gury3d\supergurymfc\release\supergurymfcdoc.obj
c:\users\goope\source\repos\gury3d\supergurymfc\release\supergurymfc.obj
c:\users\goope\source\repos\gury3d\supergurymfc\release\propertieswnd.obj
c:\users\goope\source\repos\gury3d\supergurymfc\release\outputwnd.obj
c:\users\goope\source\repos\gury3d\supergurymfc\release\mainfrm.obj
c:\users\goope\source\repos\gury3d\supergurymfc\release\classview.obj
c:\users\goope\source\repos\gury3d\supergurymfc\release\childfrm.obj
c:\users\goope\source\repos\gury3d\supergurymfc\release\appmanager.obj
c:\users\goope\source\repos\gury3d\supergurymfc\release\workspace.obj
c:\users\goope\source\repos\gury3d\supergurymfc\release\view.obj
c:\users\goope\source\repos\gury3d\supergurymfc\release\valuebridge.obj
c:\users\goope\source\repos\gury3d\supergurymfc\release\thumbnailgenerator.obj
c:\users\goope\source\repos\gury3d\supergurymfc\release\surfaces.obj
c:\users\goope\source\repos\gury3d\supergurymfc\release\stdout.obj
c:\users\goope\source\repos\gury3d\supergurymfc\release\sounds.obj
c:\users\goope\source\repos\gury3d\supergurymfc\release\sound.obj
c:\users\goope\source\repos\gury3d\supergurymfc\release\snaps.obj
c:\users\goope\source\repos\gury3d\supergurymfc\release\selection.obj
c:\users\goope\source\repos\gury3d\supergurymfc\release\viewtree.obj
c:\users\goope\source\repos\gury3d\supergurymfc\release\lparser.obj
c:\users\goope\source\repos\gury3d\supergurymfc\release\loslib.obj
c:\users\goope\source\repos\gury3d\supergurymfc\release\lopcodes.obj
c:\users\goope\source\repos\gury3d\supergurymfc\release\lobject.obj
c:\users\goope\source\repos\gury3d\supergurymfc\release\loadlib.obj
c:\users\goope\source\repos\gury3d\supergurymfc\release\lmem.obj
c:\users\goope\source\repos\gury3d\supergurymfc\release\lmathlib.obj
c:\users\goope\source\repos\gury3d\supergurymfc\release\llex.obj
c:\users\goope\source\repos\gury3d\supergurymfc\release\liolib.obj
c:\users\goope\source\repos\gury3d\supergurymfc\release\linit.obj
c:\users\goope\source\repos\gury3d\supergurymfc\release\lgc.obj
c:\users\goope\source\repos\gury3d\supergurymfc\release\lfunc.obj
c:\users\goope\source\repos\gury3d\supergurymfc\release\ldump.obj
c:\users\goope\source\repos\gury3d\supergurymfc\release\ldo.obj
c:\users\goope\source\repos\gury3d\supergurymfc\release\ldebug.obj
c:\users\goope\source\repos\gury3d\supergurymfc\release\ldblib.obj
c:\users\goope\source\repos\gury3d\supergurymfc\release\lcode.obj
c:\users\goope\source\repos\gury3d\supergurymfc\release\lbaselib.obj
c:\users\goope\source\repos\gury3d\supergurymfc\release\lauxlib.obj
c:\users\goope\source\repos\gury3d\supergurymfc\release\lapi.obj
c:\users\goope\source\repos\gury3d\supergurymfc\release\print.obj
c:\users\goope\source\repos\gury3d\supergurymfc\release\lzio.obj
c:\users\goope\source\repos\gury3d\supergurymfc\release\lvm.obj
c:\users\goope\source\repos\gury3d\supergurymfc\release\lundump.obj
c:\users\goope\source\repos\gury3d\supergurymfc\release\ltm.obj
c:\users\goope\source\repos\gury3d\supergurymfc\release\ltablib.obj
c:\users\goope\source\repos\gury3d\supergurymfc\release\ltable.obj
c:\users\goope\source\repos\gury3d\supergurymfc\release\lstrlib.obj
c:\users\goope\source\repos\gury3d\supergurymfc\release\lstring.obj
c:\users\goope\source\repos\gury3d\supergurymfc\release\lstate.obj
c:\users\goope\source\repos\gury3d\release\supergurymfc.exe
c:\users\goope\source\repos\gury3d\supergurymfc\release\supergurymfc.iobj
c:\users\goope\source\repos\gury3d\release\supergurymfc.pdb
c:\users\goope\source\repos\gury3d\supergurymfc\release\supergurymfc.res
c:\users\goope\source\repos\gury3d\supergurymfc\release\supergurymfc.ipdb
c:\users\goope\source\repos\gury3d\supergurymfc\release\supergurymfc.tlog\cl.command.1.tlog
c:\users\goope\source\repos\gury3d\supergurymfc\release\supergurymfc.tlog\cl.read.1.tlog
c:\users\goope\source\repos\gury3d\supergurymfc\release\supergurymfc.tlog\cl.write.1.tlog
c:\users\goope\source\repos\gury3d\supergurymfc\release\supergurymfc.tlog\link.command.1.tlog
c:\users\goope\source\repos\gury3d\supergurymfc\release\supergurymfc.tlog\link.read.1.tlog
c:\users\goope\source\repos\gury3d\supergurymfc\release\supergurymfc.tlog\link.write.1.tlog
c:\users\goope\source\repos\gury3d\supergurymfc\release\supergurymfc.tlog\rc.command.1.tlog
c:\users\goope\source\repos\gury3d\supergurymfc\release\supergurymfc.tlog\rc.read.1.tlog
c:\users\goope\source\repos\gury3d\supergurymfc\release\supergurymfc.tlog\rc.write.1.tlog
